<?xml version="1.0" encoding="utf-8"?><testsuites name="pytest tests"><testsuite name="pytest" errors="0" failures="0" skipped="0" tests="5" time="5.332" timestamp="2026-06-29T21:53:51.966650+00:00" hostname="agent-env-133e37fb-1a7e-4e7a-98c2-55c393205994"><testcase classname="tests.test_coach_chat.TestProxyHealth" name="test_root_loads" time="0.356" /><testcase classname="tests.test_coach_chat.TestCoachChat" name="test_coach_chat_returns_french_reply" time="4.653" /><testcase classname="tests.test_coach_chat.TestLoginEndpoint" name="test_login_endpoint_reachable" time="1.599" /><testcase classname="tests.test_coach_chat.TestCoachChat" name="test_coach_chat_empty_message_400" time="0.098" /><testcase classname="tests.test_coach_chat.TestCoachChat" name="test_coach_chat_too_long_400" time="0.146" /></testsuite></testsuites>